<?xml version="1.0" encoding="UTF-8"?>
<testsuite name="com.sp.fc.BasicTestApplicationTest" tests="1" skipped="0" failures="0" errors="0" timestamp="2021-11-13T05:23:15" hostname="seohaeui-MacBookPro.local" time="0.016">
  <properties/>
  <testcase name="1. 테스트" classname="com.sp.fc.BasicTestApplicationTest" time="0.016"/>
  <system-out><![CDATA[]]></system-out>
  <system-err><![CDATA[]]></system-err>
</testsuite>
